  DB_of_students.cpp
C:\Users\savin\OneDrive\Рабочий стол\DB_of_students-master\StringBuilderClass.h(10,1): warning C4267: инициализация: преобразование из "size_t" в "int"; возможна потеря данных
C:\Users\savin\OneDrive\Рабочий стол\DB_of_students-master\StringBuilderClass.h(37,1): warning C4267: инициализация: преобразование из "size_t" в "int"; возможна потеря данных
C:\Users\savin\OneDrive\Рабочий стол\DB_of_students-master\ClassMenu.h(85,1): warning C4267: =: преобразование из "size_t" в "int"; возможна потеря данных
C:\Users\savin\OneDrive\Рабочий стол\DB_of_students-master\ClassMenu.h(88,1): warning C4267: =: преобразование из "size_t" в "int"; возможна потеря данных
C:\Users\savin\OneDrive\Рабочий стол\DB_of_students-master\ClassEdit.h(24,1): warning C4267: инициализация: преобразование из "size_t" в "int"; возможна потеря данных
C:\Users\savin\OneDrive\Рабочий стол\DB_of_students-master\StudentClass.h(162,19): warning C4101: year: неиспользованная локальная переменная
C:\Users\savin\OneDrive\Рабочий стол\DB_of_students-master\StudentClass.h(337,15): warning C4553: "==": результат выражения не используется; вы хотели использовать "="?
C:\Users\savin\OneDrive\Рабочий стол\DB_of_students-master\StudentClass.h(413,13): warning C4553: "==": результат выражения не используется; вы хотели использовать "="?
C:\Users\savin\OneDrive\Рабочий стол\DB_of_students-master\StudentClass.h(455,12): warning C4244: =: преобразование "double" в "int", возможна потеря данных
C:\Users\savin\OneDrive\Рабочий стол\DB_of_students-master\StudentClass.h(470,14): warning C4244: =: преобразование "double" в "int", возможна потеря данных
C:\Users\savin\OneDrive\Рабочий стол\DB_of_students-master\StudentDBClass.h(207,1): warning C4267: return: преобразование из "size_t" в "int"; возможна потеря данных
C:\Users\savin\OneDrive\Рабочий стол\DB_of_students-master\DB_of_students.cpp(158,33): warning C4930: List<StudentNode>::iterator pos(void): функция с прототипом не вызвана (предполагалось определение переменной?)
C:\Users\savin\OneDrive\Рабочий стол\DB_of_students-master\DB_of_students.cpp(152,9): warning C4101: curCount: неиспользованная локальная переменная
  Создание кода
  6 of 398 functions ( 1.5%) were compiled, the rest were copied from previous compilation.
    0 functions were new in current compilation
    56 functions had inline decision re-evaluated but remain unchanged
  Создание кода завершено
  DB_of_students.vcxproj -> C:\Users\savin\OneDrive\Рабочий стол\DB_of_students-master\x64\Release\DB_of_students.exe
